app/proguard_logs/seeds.txt
ru.bsuirhelper.android.R$anim: int abc_fade_in
ru.bsuirhelper.android.R$anim: int abc_fade_out
ru.bsuirhelper.android.R$anim: int abc_slide_in_bottom
ru.bsuirhelper.android.R$anim: int abc_slide_in_top
ru.bsuirhelper.android.R$anim: int abc_slide_out_bottom
ru.bsuirhelper.android.R$anim: int abc_slide_out_top
ru.bsuirhelper.android.R$array: int action_selectsubgroup_values
ru.bsuirhelper.android.R$array: int lessons_types
ru.bsuirhelper.android.R$array: int menu_items
ru.bsuirhelper.android.R$array: int not_selected_note
ru.bsuirhelper.android.R$array: int week_days
ru.bsuirhelper.android.R$array: int week_days_id
ru.bsuirhelper.android.R$array: int work_weeks
ru.bsuirhelper.android.R$attr: int actionBarDivider
ru.bsuirhelper.android.R$attr: int actionBarItemBackground
ru.bsuirhelper.android.R$attr: int actionBarPopupTheme
ru.bsuirhelper.android.R$attr: int actionBarSize
ru.bsuirhelper.android.R$attr: int actionBarSplitStyle
ru.bsuirhelper.android.R$attr: int actionBarStyle
ru.bsuirhelper.android.R$attr: int actionBarTabBarStyle
ru.bsuirhelper.android.R$attr: int actionBarTabStyle
ru.bsuirhelper.android.R$attr: int actionBarTabTextStyle
ru.bsuirhelper.android.R$attr: int actionBarTheme
ru.bsuirhelper.android.R$attr: int actionBarWidgetTheme
ru.bsuirhelper.android.R$attr: int actionButtonStyle
ru.bsuirhelper.android.R$attr: int actionDropDownStyle
ru.bsuirhelper.android.R$attr: int actionLayout
ru.bsuirhelper.android.R$attr: int actionMenuTextAppearance
ru.bsuirhelper.android.R$attr: int actionMenuTextColor
ru.bsuirhelper.android.R$attr: int actionModeBackground
ru.bsuirhelper.android.R$attr: int actionModeCloseButtonStyle
ru.bsuirhelper.android.R$attr: int actionModeCloseDrawable
ru.bsuirhelper.android.R$attr: int actionModeCopyDrawable
ru.bsuirhelper.android.R$attr: int actionModeCutDrawable
ru.bsuirhelper.android.R$attr: int actionModeFindDrawable
ru.bsuirhelper.android.R$attr: int actionModePasteDrawable
ru.bsuirhelper.android.R$attr: int actionModePopupWindowStyle
ru.bsuirhelper.android.R$attr: int actionModeSelectAllDrawable
ru.bsuirhelper.android.R$attr: int actionModeShareDrawable
ru.bsuirhelper.android.R$bool: int abc_action_bar_embed_tabs
ru.bsuirhelper.android.R$bool: int abc_action_bar_embed_tabs_pre_jb
ru.bsuirhelper.android.R$bool: int abc_action_bar_expanded_action_views_exclusive
ru.bsuirhelper.android.R$bool: int abc_config_actionMenuItemAllCaps
ru.bsuirhelper.android.R$bool: int abc_config_allowActionMenuItemTextWithIcon
ru.bsuirhelper.android.R$bool: int abc_config_showMenuShortcutsWhenKeyboardPresent
ru.bsuirhelper.android.R$bool: int ga_autoActivityTracking
ru.bsuirhelper.android.R$bool: int ga_reportUncaughtExceptions
ru.bsuirhelper.android.R$bool: int honeycombOrAbove
...
android.support.v7.internal.widget.AbsSpinnerCompat$SavedState
android.support.v7.internal.widget.AbsSpinnerCompat$SavedState: android.os.Parcelable$Creator CREATOR
android.support.v7.internal.widget.ActionBarContainer
android.support.v7.internal.widget.ActionBarContainer: ActionBarContainer(android.content.Context)
android.support.v7.internal.widget.ActionBarContainer: ActionBarContainer(android.content.Context,android.util.AttributeSet)
android.support.v7.internal.widget.ActionBarContainer: void setPrimaryBackground(android.graphics.drawable.Drawable)
android.support.v7.internal.widget.ActionBarContainer: void setStackedBackground(android.graphics.drawable.Drawable)
android.support.v7.internal.widget.ActionBarContainer: void setSplitBackground(android.graphics.drawable.Drawable)
android.support.v7.internal.widget.ActionBarContainer: void setVisibility(int)
android.support.v7.internal.widget.ActionBarContainer: void setTransitioning(boolean)
android.support.v7.internal.widget.ActionBarContainer: void setTabContainer(android.support.v7.internal.widget.ScrollingTabContainerView)
android.support.v7.internal.widget.ActionBarContainer: android.view.View getTabContainer()
android.support.v7.internal.widget.ActionBarContextView
android.support.v7.internal.widget.ActionBarContextView: ActionBarContextView(android.content.Context)
android.support.v7.internal.widget.ActionBarContextView: ActionBarContextView(android.content.Context,android.util.AttributeSet)
android.support.v7.internal.widget.ActionBarContextView: ActionBarContextView(android.content.Context,android.util.AttributeSet,int)
android.support.v7.internal.widget.ActionBarContextView: void setSplitToolbar(boolean)
android.support.v7.internal.widget.ActionBarContextView: void setContentHeight(int)
android.support.v7.internal.widget.ActionBarContextView: void setCustomView(android.view.View)
android.support.v7.internal.widget.ActionBarContextView: void setTitle(java.lang.CharSequence)
android.support.v7.internal.widget.ActionBarContextView: void setSubtitle(java.lang.CharSequence)
android.support.v7.internal.widget.ActionBarContextView: java.lang.CharSequence getTitle()
android.support.v7.internal.widget.ActionBarContextView: java.lang.CharSequence getSubtitle()
android.support.v7.internal.widget.ActionBarContextView: void setTitleOptional(boolean)
android.support.v7.internal.widget.ActionBarContextView: int getAnimatedVisibility()
android.support.v7.internal.widget.ActionBarContextView: void setSplitView(android.view.ViewGroup)
android.support.v7.internal.widget.ActionBarContextView: int getContentHeight()