app/proguard_logs/usage.txt
ru.bsuirhelper.android.ApplicationSettings:
    private static final java.lang.String PREFS_NAME
    public static final java.lang.String DEFAULT_GROUP_OF_SCHEDULE
    51:51:public java.lang.String getDefaultGroupOfSchedule()
ru.bsuirhelper.android.BuildConfig
ru.bsuirhelper.android.R
ru.bsuirhelper.android.R$anim
ru.bsuirhelper.android.R$array
ru.bsuirhelper.android.R$attr
ru.bsuirhelper.android.R$bool
ru.bsuirhelper.android.R$color
ru.bsuirhelper.android.R$dimen
ru.bsuirhelper.android.R$drawable
ru.bsuirhelper.android.R$id
ru.bsuirhelper.android.R$integer
ru.bsuirhelper.android.R$layout
ru.bsuirhelper.android.R$menu
ru.bsuirhelper.android.R$string
ru.bsuirhelper.android.R$style
ru.bsuirhelper.android.R$styleable
ru.bsuirhelper.android.R$xml
ru.bsuirhelper.android.appwidget.ScheduleWidgetProviderBase:
    public static final java.lang.String UPDATE_ACTION
    117:120:public void updateAppWidget(android.content.Context)
ru.bsuirhelper.android.core.StudentCalendar:
    public static final int FIRST_SEMESTER
    public static final int SECOND_SEMESTER
ru.bsuirhelper.android.core.notes.Note:
    public static final int NO_LESSON
    27:27:public int getId()
ru.bsuirhelper.android.core.notes.NoteDatabase:
    private static final java.lang.String DATABASE_NAME
    private static final int VERSION
    56:69:public ru.bsuirhelper.android.core.notes.Note[] fetchAllNotes()
    132:135:public void removeNote(int)
ru.bsuirhelper.android.core.schedule.ScheduleDatabase:
    private static final java.lang.String DATABASE_NAME
    private static final int VERSION
    151:153:public android.database.Cursor getCursorWithGroups()
ru.bsuirhelper.android.core.schedule.ScheduleParser:
    16:16:public ScheduleParser()
ru.bsuirhelper.android.ui.ActivityDrawerMenu:
    public static final java.lang.String LOG_TAG
    private android.widget.Spinner mSpinnerGroups
    148:149:protected void updateDrawerMenu()
ru.bsuirhelper.android.ui.ActivitySettings:
    public static final java.lang.String KEY_SHOW_SUBJECTS_TYPE
ru.bsuirhelper.android.ui.SpinnerGroupsAdapter
ru.bsuirhelper.android.ui.SpinnerGroupsAdapter$ViewHolder
ru.bsuirhelper.android.ui.SpinnerGroupsAdapter$ViewHolderDropdown
ru.bsuirhelper.android.ui.notes.ActivityEditNote:
    public static final int REQUEST_CODE_ADD_NOTE
    public static final int REQUEST_CODE_EDIT_NOTE
ru.bsuirhelper.android.ui.notes.FragmentNotes
ru.bsuirhelper.android.ui.notes.FragmentNotes$1
ru.bsuirhelper.android.ui.notes.FragmentNotes$2
ru.bsuirhelper.android.ui.notes.FragmentNotes$3
ru.bsuirhelper.android.ui.notes.FragmentNotes$ViewAdapterNotes
ru.bsuirhelper.android.ui.notes.FragmentNotes$ViewAdapterNotes$1
ru.bsuirhelper.android.ui.notes.FragmentNotes$ViewHolder
ru.bsuirhelper.android.ui.schedule.FragmentManagerGroups:
    public static final java.lang.String TITLE
ru.bsuirhelper.android.ui.schedule.FragmentScheduleOfDay:
    86:90:private android.content.Intent createIntentForAddNote(ru.bsuirhelper.android.core.schedule.Lesson)
    94:98:private android.content.Intent createIntentForEditNote(ru.bsuirhelper.android.core.schedule.Lesson,ru.bsuirhelper.android.core.notes.Note)
ru.bsuirhelper.android.ui.schedule.ViewAdapterLessons:
    public static final int TAG_KEY_DAY
...
android.support.v4.widget.BakedBezierInterpolator
android.support.v4.widget.CircleImageView
android.support.v4.widget.CircleImageView$OvalShadow
android.support.v4.widget.ContentLoadingProgressBar
android.support.v4.widget.ContentLoadingProgressBar$1
android.support.v4.widget.ContentLoadingProgressBar$2
android.support.v4.widget.CursorAdapter:
    public static final int FLAG_AUTO_REQUERY
    public static final int FLAG_REGISTER_CONTENT_OBSERVER
    121:123:public CursorAdapter(android.content.Context,android.database.Cursor)
    150:152:public CursorAdapter(android.content.Context,android.database.Cursor,int)
    160:161:protected void init(android.content.Context,android.database.Cursor,boolean)
    420:420:public android.widget.FilterQueryProvider getFilterQueryProvider()
    436:437:public void setFilterQueryProvider(android.widget.FilterQueryProvider)
android.support.v4.widget.DrawerLayout:
    private static final java.lang.String TAG
    public static final int STATE_IDLE
    public static final int STATE_DRAGGING
    public static final int STATE_SETTLING
    public static final int LOCK_MODE_UNLOCKED
    public static final int LOCK_MODE_LOCKED_CLOSED
    public static final int LOCK_MODE_LOCKED_OPEN
    private static final int MIN_DRAWER_MARGIN
    private static final int DEFAULT_SCRIM_COLOR
    private static final int PEEK_DELAY
    private static final int MIN_FLING_VELOCITY
    private static final boolean ALLOW_EDGE_LOCK
    private static final boolean CHILDREN_DISALLOW_INTERCEPT
    private static final float TOUCH_SLOP_SENSITIVITY
    380:390:public void setDrawerShadow(android.graphics.drawable.Drawable,int)
    400:401:public void setDrawerShadow(int,int)
    509:515:public void setDrawerLockMode(int,android.view.View)
    526:533:public int getDrawerLockMode(int)
    565:572:public void setDrawerTitle(int,java.lang.CharSequence)
    728:737:void moveDrawerToOffset(android.view.View,float)
android.support.v4.widget.DrawerLayout$EdgeGravity
android.support.v4.widget.DrawerLayout$LayoutParams:
    1781:1783:public DrawerLayout$LayoutParams(int,int,int)
android.support.v4.widget.DrawerLayout$LockMode
android.support.v4.widget.DrawerLayout$SimpleDrawerListener
android.support.v4.widget.DrawerLayout$State
android.support.v4.widget.DrawerLayoutCompatApi21:
    28:69:DrawerLayoutCompatApi21()
android.support.v4.widget.EdgeEffectCompat:
    204:204:public boolean onAbsorb(int)
android.support.v4.widget.EdgeEffectCompat$BaseEdgeEffectImpl:
    82:82:public boolean onAbsorb(java.lang.Object,int)
android.support.v4.widget.EdgeEffectCompat$EdgeEffectIcsImpl:
    116:116:public boolean onAbsorb(java.lang.Object,int)
android.support.v4.widget.EdgeEffectCompat$EdgeEffectImpl:
    public abstract boolean onAbsorb(java.lang.Object,int)
android.support.v4.widget.EdgeEffectCompatIcs:
    28:28:EdgeEffectCompatIcs()
    57:58:public static boolean onAbsorb(java.lang.Object,int)
android.support.v4.widget.ExploreByTouchHelper
android.support.v4.widget.ExploreByTouchHelper$1
android.support.v4.widget.ExploreByTouchHelper$ExploreByTouchNodeProvider
android.support.v4.widget.ListPopupWindowCompat
android.support.v4.widget.ListPopupWindowCompat$BaseListPopupWindowImpl
android.support.v4.widget.ListPopupWindowCompat$KitKatListPopupWindowImpl
android.support.v4.widget.ListPopupWindowCompat$ListPopupWindowImpl
android.support.v4.widget.ListPopupWindowCompatKitKat
android.support.v4.widget.MaterialProgressDrawable
android.support.v4.widget.MaterialProgressDrawable$1
android.support.v4.widget.MaterialProgressDrawable$2
android.support.v4.widget.MaterialProgressDrawable$3
android.support.v4.widget.MaterialProgressDrawable$EndCurveInterpolator
android.support.v4.widget.MaterialProgressDrawable$ProgressDrawableSize
android.support.v4.widget.MaterialProgressDrawable$Ring
android.support.v4.widget.MaterialProgressDrawable$StartCurveInterpolator
android.support.v4.widget.PopupMenuCompat